

***********************************************************************
Fatal NI connect error 6413, connecting to:
 (DESCRIPTION=(ADDRESS_LIST=(ADDRESS=(PROTOCOL=BEQ)(PROGRAM=oracle)(ARGV0=oracleXE)(ARGS='(DESCRIPTION=(LOCAL=YES)(ADDRESS=(PROTOCOL=beq)))')))(CONNECT_DATA=(SID=XE)(CID=(PROGRAM=C:\Program Files (x86)\Microsoft Visual Studio\VB98\vb6.exe)(HOST=DESKTOP-0441OL5)(USER=Reel-vs-Real))))

  VERSION INFORMATION:
	TNS for 32-bit Windows: Version 10.2.0.1.0 - Production
  Time: 25-OCT-2018 10:50:23
  Tracing not turned on.


***********************************************************************
Fatal NI connect error 6413, connecting to:
 (DESCRIPTION=(ADDRESS_LIST=(ADDRESS=(PROTOCOL=BEQ)(PROGRAM=oracle)(ARGV0=oracleXE)(ARGS='(DESCRIPTION=(LOCAL=YES)(ADDRESS=(PROTOCOL=beq)))')))(CONNECT_DATA=(SID=XE)(CID=(PROGRAM=C:\Program Files (x86)\Microsoft Visual Studio\VB98\vb6.exe)(HOST=DESKTOP-0441OL5)(USER=Reel-vs-Real))))

  VERSION INFORMATION:
	TNS for 32-bit Windows: Version 10.2.0.1.0 - Production
  Time: 25-OCT-2018 10:50:23
  Tracing not turned on.


***********************************************************************
Fatal NI connect error 6413, connecting to:
 (DESCRIPTION=(ADDRESS_LIST=(ADDRESS=(PROTOCOL=BEQ)(PROGRAM=oracle)(ARGV0=oracleXE)(ARGS='(DESCRIPTION=(LOCAL=YES)(ADDRESS=(PROTOCOL=beq)))')))(CONNECT_DATA=(SID=XE)(CID=(PROGRAM=C:\Program Files (x86)\Microsoft Visual Studio\VB98\vb6.exe)(HOST=DESKTOP-0441OL5)(USER=Reel-vs-Real))))

  VERSION INFORMATION:
	TNS for 32-bit Windows: Version 10.2.0.1.0 - Production
  Time: 25-OCT-2018 10:54:53
  Tracing not turned on.


***********************************************************************
Fatal NI connect error 6413, connecting to:
 (DESCRIPTION=(ADDRESS_LIST=(ADDRESS=(PROTOCOL=BEQ)(PROGRAM=oracle)(ARGV0=oracleXE)(ARGS='(DESCRIPTION=(LOCAL=YES)(ADDRESS=(PROTOCOL=beq)))')))(CONNECT_DATA=(SID=XE)(CID=(PROGRAM=C:\Program Files (x86)\Microsoft Visual Studio\VB98\vb6.exe)(HOST=DESKTOP-0441OL5)(USER=Reel-vs-Real))))

  VERSION INFORMATION:
	TNS for 32-bit Windows: Version 10.2.0.1.0 - Production
  Time: 25-OCT-2018 10:54:53
  Tracing not turned on.


***********************************************************************
Fatal NI connect error 6413, connecting to:
 (DESCRIPTION=(ADDRESS_LIST=(ADDRESS=(PROTOCOL=BEQ)(PROGRAM=oracle)(ARGV0=oracleXE)(ARGS='(DESCRIPTION=(LOCAL=YES)(ADDRESS=(PROTOCOL=beq)))')))(CONNECT_DATA=(SID=XE)(CID=(PROGRAM=C:\Program Files (x86)\Microsoft Visual Studio\VB98\vb6.exe)(HOST=DESKTOP-0441OL5)(USER=Reel-vs-Real))))

  VERSION INFORMATION:
	TNS for 32-bit Windows: Version 10.2.0.1.0 - Production
  Time: 25-OCT-2018 10:55:01
  Tracing not turned on.


***********************************************************************
Fatal NI connect error 6413, connecting to:
 (DESCRIPTION=(ADDRESS_LIST=(ADDRESS=(PROTOCOL=BEQ)(PROGRAM=oracle)(ARGV0=oracleXE)(ARGS='(DESCRIPTION=(LOCAL=YES)(ADDRESS=(PROTOCOL=beq)))')))(CONNECT_DATA=(SID=XE)(CID=(PROGRAM=C:\Program Files (x86)\Microsoft Visual Studio\VB98\vb6.exe)(HOST=DESKTOP-0441OL5)(USER=Reel-vs-Real))))

  VERSION INFORMATION:
	TNS for 32-bit Windows: Version 10.2.0.1.0 - Production
  Time: 25-OCT-2018 10:55:01
  Tracing not turned on.


***********************************************************************
Fatal NI connect error 6413, connecting to:
 (DESCRIPTION=(ADDRESS_LIST=(ADDRESS=(PROTOCOL=BEQ)(PROGRAM=oracle)(ARGV0=oracleXE)(ARGS='(DESCRIPTION=(LOCAL=YES)(ADDRESS=(PROTOCOL=beq)))')))(CONNECT_DATA=(SID=XE)(CID=(PROGRAM=C:\Program Files (x86)\Microsoft Visual Studio\VB98\vb6.exe)(HOST=DESKTOP-0441OL5)(USER=Reel-vs-Real))))

  VERSION INFORMATION:
	TNS for 32-bit Windows: Version 10.2.0.1.0 - Production
  Time: 25-OCT-2018 10:55:11
  Tracing not turned on.


***********************************************************************
Fatal NI connect error 6413, connecting to:
 (DESCRIPTION=(ADDRESS_LIST=(ADDRESS=(PROTOCOL=BEQ)(PROGRAM=oracle)(ARGV0=oracleXE)(ARGS='(DESCRIPTION=(LOCAL=YES)(ADDRESS=(PROTOCOL=beq)))')))(CONNECT_DATA=(SID=XE)(CID=(PROGRAM=C:\Program Files (x86)\Microsoft Visual Studio\VB98\vb6.exe)(HOST=DESKTOP-0441OL5)(USER=Reel-vs-Real))))

  VERSION INFORMATION:
	TNS for 32-bit Windows: Version 10.2.0.1.0 - Production
  Time: 25-OCT-2018 10:55:11
  Tracing not turned on.


***********************************************************************
Fatal NI connect error 6413, connecting to:
 (DESCRIPTION=(ADDRESS_LIST=(ADDRESS=(PROTOCOL=BEQ)(PROGRAM=oracle)(ARGV0=oracleXE)(ARGS='(DESCRIPTION=(LOCAL=YES)(ADDRESS=(PROTOCOL=beq)))')))(CONNECT_DATA=(SID=XE)(CID=(PROGRAM=C:\Program Files (x86)\Microsoft Visual Studio\VB98\vb6.exe)(HOST=DESKTOP-0441OL5)(USER=Reel-vs-Real))))

  VERSION INFORMATION:
	TNS for 32-bit Windows: Version 10.2.0.1.0 - Production
  Time: 25-OCT-2018 10:55:16
  Tracing not turned on.


***********************************************************************
Fatal NI connect error 6413, connecting to:
 (DESCRIPTION=(ADDRESS_LIST=(ADDRESS=(PROTOCOL=BEQ)(PROGRAM=oracle)(ARGV0=oracleXE)(ARGS='(DESCRIPTION=(LOCAL=YES)(ADDRESS=(PROTOCOL=beq)))')))(CONNECT_DATA=(SID=XE)(CID=(PROGRAM=C:\Program Files (x86)\Microsoft Visual Studio\VB98\vb6.exe)(HOST=DESKTOP-0441OL5)(USER=Reel-vs-Real))))

  VERSION INFORMATION:
	TNS for 32-bit Windows: Version 10.2.0.1.0 - Production
  Time: 25-OCT-2018 10:55:16
  Tracing not turned on.
